<?xml version="1.0" encoding="UTF-8"?>
<testsuite xmlns:xsi="http://www.w3.org/2001/XMLSchema-instance" xsi:noNamespaceSchemaLocation="https://maven.apache.org/surefire/maven-surefire-plugin/xsd/surefire-test-report.xsd" name="org.example.third.character.CharacterTest" time="0.11" tests="18" errors="0" skipped="0" failures="0">
  <properties>
    <property name="java.specification.version" value="17"/>
    <property name="sun.cpu.isalist" value="amd64"/>
    <property name="sun.jnu.encoding" value="Cp1251"/>
    <property name="java.class.path" value="C:\Users\ilyas\IdeaProjects\TPO\target\test-classes;C:\Users\ilyas\IdeaProjects\TPO\target\classes;C:\Users\ilyas\.m2\repository\org\junit\jupiter\junit-jupiter-engine\5.10.0\junit-jupiter-engine-5.10.0.jar;C:\Users\ilyas\.m2\repository\org\junit\platform\junit-platform-engine\1.10.0\junit-platform-engine-1.10.0.jar;C:\Users\ilyas\.m2\repository\org\opentest4j\opentest4j\1.3.0\opentest4j-1.3.0.jar;C:\Users\ilyas\.m2\repository\org\junit\platform\junit-platform-commons\1.10.0\junit-platform-commons-1.10.0.jar;C:\Users\ilyas\.m2\repository\org\junit\jupiter\junit-jupiter-api\5.10.0\junit-jupiter-api-5.10.0.jar;C:\Users\ilyas\.m2\repository\org\apiguardian\apiguardian-api\1.1.2\apiguardian-api-1.1.2.jar;C:\Users\ilyas\.m2\repository\org\junit\jupiter\junit-jupiter-params\5.10.0\junit-jupiter-params-5.10.0.jar;C:\Users\ilyas\.m2\repository\org\projectlombok\lombok\1.18.30\lombok-1.18.30.jar;"/>
    <property name="java.vm.vendor" value="Amazon.com Inc."/>
    <property name="sun.arch.data.model" value="64"/>
    <property name="user.variant" value=""/>
    <property name="java.vendor.url" value="https://aws.amazon.com/corretto/"/>
    <property name="user.timezone" value="Europe/Moscow"/>
    <property name="os.name" value="Windows 10"/>
    <property name="java.vm.specification.version" value="17"/>
    <property name="sun.java.launcher" value="SUN_STANDARD"/>
    <property name="user.country" value="RU"/>
    <property name="sun.boot.library.path" value="C:\Users\ilyas\.jdks\corretto-17.0.8.1\bin"/>
    <property name="sun.java.command" value="C:\Users\ilyas\AppData\Local\Temp\surefire3850924646969654612\surefirebooter16746984970327150061.jar C:\Users\ilyas\AppData\Local\Temp\surefire3850924646969654612 2024-03-08T16-06-18_269-jvmRun1 surefire2474322177556660405tmp surefire_06877087832348112892tmp"/>
    <property name="jdk.debug" value="release"/>
    <property name="surefire.test.class.path" value="C:\Users\ilyas\IdeaProjects\TPO\target\test-classes;C:\Users\ilyas\IdeaProjects\TPO\target\classes;C:\Users\ilyas\.m2\repository\org\junit\jupiter\junit-jupiter-engine\5.10.0\junit-jupiter-engine-5.10.0.jar;C:\Users\ilyas\.m2\repository\org\junit\platform\junit-platform-engine\1.10.0\junit-platform-engine-1.10.0.jar;C:\Users\ilyas\.m2\repository\org\opentest4j\opentest4j\1.3.0\opentest4j-1.3.0.jar;C:\Users\ilyas\.m2\repository\org\junit\platform\junit-platform-commons\1.10.0\junit-platform-commons-1.10.0.jar;C:\Users\ilyas\.m2\repository\org\junit\jupiter\junit-jupiter-api\5.10.0\junit-jupiter-api-5.10.0.jar;C:\Users\ilyas\.m2\repository\org\apiguardian\apiguardian-api\1.1.2\apiguardian-api-1.1.2.jar;C:\Users\ilyas\.m2\repository\org\junit\jupiter\junit-jupiter-params\5.10.0\junit-jupiter-params-5.10.0.jar;C:\Users\ilyas\.m2\repository\org\projectlombok\lombok\1.18.30\lombok-1.18.30.jar;"/>
    <property name="sun.cpu.endian" value="little"/>
    <property name="user.home" value="C:\Users\ilyas"/>
    <property name="user.language" value="ru"/>
    <property name="java.specification.vendor" value="Oracle Corporation"/>
    <property name="java.version.date" value="2023-08-22"/>
    <property name="java.home" value="C:\Users\ilyas\.jdks\corretto-17.0.8.1"/>
    <property name="file.separator" value="\"/>
    <property name="basedir" value="C:\Users\ilyas\IdeaProjects\TPO"/>
    <property name="java.vm.compressedOopsMode" value="Zero based"/>
    <property name="line.separator" value="&#10;"/>
    <property name="java.vm.specification.vendor" value="Oracle Corporation"/>
    <property name="java.specification.name" value="Java Platform API Specification"/>
    <property name="surefire.real.class.path" value="C:\Users\ilyas\AppData\Local\Temp\surefire3850924646969654612\surefirebooter16746984970327150061.jar"/>
    <property name="user.script" value=""/>
    <property name="sun.management.compiler" value="HotSpot 64-Bit Tiered Compilers"/>
    <property name="java.runtime.version" value="17.0.8.1+8-LTS"/>
    <property name="user.name" value="ilyas"/>
    <property name="path.separator" value=";"/>
    <property name="os.version" value="10.0"/>
    <property name="java.runtime.name" value="OpenJDK Runtime Environment"/>
    <property name="file.encoding" value="Cp1251"/>
    <property name="java.vm.name" value="OpenJDK 64-Bit Server VM"/>
    <property name="java.vendor.version" value="Corretto-17.0.8.8.1"/>
    <property name="localRepository" value="C:\Users\ilyas\.m2\repository"/>
    <property name="java.vendor.url.bug" value="https://github.com/corretto/corretto-17/issues/"/>
    <property name="java.io.tmpdir" value="C:\Users\ilyas\AppData\Local\Temp\"/>
    <property name="java.version" value="17.0.8.1"/>
    <property name="user.dir" value="C:\Users\ilyas\IdeaProjects\TPO"/>
    <property name="os.arch" value="amd64"/>
    <property name="java.vm.specification.name" value="Java Virtual Machine Specification"/>
    <property name="sun.os.patch.level" value=""/>
    <property name="native.encoding" value="Cp1251"/>
    <property name="java.library.path" value="C:\Users\ilyas\.jdks\corretto-17.0.8.1\bin;C:\Windows\Sun\Java\bin;C:\Windows\system32;C:\Windows;C:\Program Files (x86)\Common Files\Oracle\Java\javapath;C:\Program Files (x86)\VMware\VMware Workstation\bin\;C:\Windows\system32;C:\Windows;C:\Windows\System32\Wbem;C:\Windows\System32\WindowsPowerShell\v1.0\;C:\Windows\System32\OpenSSH\;C:\Program Files\NVIDIA Corporation\NVIDIA NvDLISR;C:\Program Files\Docker\Docker\resources\bin;C:\ProgramData\DockerDesktop\version-bin;C:\Program Files\WireGuard\;C:\Program Files\dotnet\;C:\msys64\mingw64\bin;C:\Program Files\PostgreSQL\14\bin;C:\visualvm_216\bin;C:\Program Files\maven\bin;C:\Program Files\swipl\lib\jpl.jar;C:\Program Files\swipl\bin;C:\Users\ilyas\.jdks\corretto-17.0.8.1\bin;C:\Program Files (x86)\NVIDIA Corporation\PhysX\Common;C:\Users\ilyas\AppData\Roaming\nvm;C:\Program Files\nodejs;C:\Program Files\PuTTY\;C:\Program Files\Kuber\;C:\Program Files\Git\cmd;C:\Users\ilyas\AppData\Local\Programs\Python\Python310\Scripts\;C:\Users\ilyas\AppData\Local\Programs\Python\Python310\;C:\Users\ilyas\AppData\Local\Microsoft\WindowsApps;C:\Program Files\JetBrains\PyCharm Community Edition 2021.2.2\bin;;C:\Program Files\JetBrains\IntelliJ IDEA 2021.2.2\bin;;C:\Users\ilyas\AppData\Local\GitHubDesktop\bin;C:\Program Files\maven\bin;C:\Users\ilyas\AppData\Local\Programs\Microsoft VS Code\bin;C:\Users\ilyas\AppData\Roaming\npm;C:\apache-ant-1.10.13\bin;C:\Users\ilyas\.dotnet\tools;C:\Program Files\swipl\lib\jpl.jar;C:\Users\ilyas\AppData\Roaming\nvm;C:\Program Files\nodejs;."/>
    <property name="java.vm.info" value="mixed mode, sharing"/>
    <property name="java.vendor" value="Amazon.com Inc."/>
    <property name="java.vm.version" value="17.0.8.1+8-LTS"/>
    <property name="sun.io.unicode.encoding" value="UnicodeLittle"/>
    <property name="java.class.version" value="61.0"/>
  </properties>
  <testcase name="changeStateOnNull" classname="org.example.third.character.CharacterTest" time="0.001"/>
  <testcase name="performReturnsString{Human}[1]" classname="org.example.third.character.CharacterTest" time="0.009"/>
  <testcase name="performReturnsString{Human}[2]" classname="org.example.third.character.CharacterTest" time="0"/>
  <testcase name="performReturnsString{Human}[3]" classname="org.example.third.character.CharacterTest" time="0"/>
  <testcase name="performOnNullThrowsException" classname="org.example.third.character.CharacterTest" time="0.001"/>
  <testcase name="triggerReturnsString{BodyPartType, String}[1]" classname="org.example.third.character.CharacterTest" time="0.003"/>
  <testcase name="triggerReturnsString{BodyPartType, String}[2]" classname="org.example.third.character.CharacterTest" time="0.001"/>
  <testcase name="triggerReturnsString{BodyPartType, String}[3]" classname="org.example.third.character.CharacterTest" time="0.001"/>
  <testcase name="triggerReturnsString{BodyPartType, String}[4]" classname="org.example.third.character.CharacterTest" time="0.001"/>
  <testcase name="triggerReturnsString{BodyPartType, String}[5]" classname="org.example.third.character.CharacterTest" time="0"/>
  <testcase name="triggerReturnsString{BodyPartType, String}[6]" classname="org.example.third.character.CharacterTest" time="0.001"/>
  <testcase name="triggerOnNullBodyParts" classname="org.example.third.character.CharacterTest" time="0.002"/>
  <testcase name="changeStateReturnsString{EmotionalState}[1]" classname="org.example.third.character.CharacterTest" time="0.002"/>
  <testcase name="changeStateReturnsString{EmotionalState}[2]" classname="org.example.third.character.CharacterTest" time="0.001"/>
  <testcase name="changeStateReturnsString{EmotionalState}[3]" classname="org.example.third.character.CharacterTest" time="0.001"/>
  <testcase name="changeStateReturnsString{EmotionalState}[4]" classname="org.example.third.character.CharacterTest" time="0"/>
  <testcase name="changeStateReturnsString{EmotionalState}[5]" classname="org.example.third.character.CharacterTest" time="0"/>
  <testcase name="changeStateReturnsString{EmotionalState}[6]" classname="org.example.third.character.CharacterTest" time="0.001"/>
</testsuite>